<?xml version="1.0" encoding="UTF-8"?>
<coverage generated="1575001966586" clover="3.2.0">
  <project timestamp="1575001966586" name="All files">
    <metrics statements="40" coveredstatements="37" conditionals="0" coveredconditionals="0" methods="15" coveredmethods="13" elements="55" coveredelements="50" complexity="0" loc="40" ncloc="40" packages="11" files="24" classes="24"/>
    <package name="src">
      <metrics statements="2" coveredstatements="2" conditionals="0" coveredconditionals="0" methods="1" coveredmethods="1"/>
      <file name="utils.tsx" path="/Users/paulcoroneos/Repos/pcoroneos-nextjs/src/utils.tsx">
        <metrics statements="2" coveredstatements="2" conditionals="0" coveredconditionals="0" methods="1" coveredmethods="1"/>
        <line num="6" count="4" type="stmt"/>
        <line num="7" count="4" type="stmt"/>
      </file>
    </package>
    <package name="src.components">
      <metrics statements="0" coveredstatements="0" conditionals="0" coveredconditionals="0" methods="0" coveredmethods="0"/>
      <file name="index.ts" path="/Users/paulcoroneos/Repos/pcoroneos-nextjs/src/components/index.ts">
        <metrics statements="0" coveredstatements="0" conditionals="0" coveredconditionals="0" methods="0" coveredmethods="0"/>
      </file>
    </package>
    <package name="src.components.blog-post">
      <metrics statements="6" coveredstatements="6" conditionals="0" coveredconditionals="0" methods="4" coveredmethods="4"/>
      <file name="blog-post.styles.tsx" path="/Users/paulcoroneos/Repos/pcoroneos-nextjs/src/components/blog-post/blog-post.styles.tsx">
        <metrics statements="3" coveredstatements="3" conditionals="0" coveredconditionals="0" methods="2" coveredmethods="2"/>
        <line num="3" count="4" type="stmt"/>
        <line num="4" count="2" type="stmt"/>
        <line num="6" count="2" type="stmt"/>
      </file>
      <file name="blog-post.tsx" path="/Users/paulcoroneos/Repos/pcoroneos-nextjs/src/components/blog-post/blog-post.tsx">
        <metrics statements="3" coveredstatements="3" conditionals="0" coveredconditionals="0" methods="2" coveredmethods="2"/>
        <line num="12" count="4" type="stmt"/>
        <line num="15" count="2" type="stmt"/>
        <line num="18" count="5" type="stmt"/>
      </file>
      <file name="index.ts" path="/Users/paulcoroneos/Repos/pcoroneos-nextjs/src/components/blog-post/index.ts">
        <metrics statements="0" coveredstatements="0" conditionals="0" coveredconditionals="0" methods="0" coveredmethods="0"/>
      </file>
    </package>
    <package name="src.components.footer">
      <metrics statements="2" coveredstatements="2" conditionals="0" coveredconditionals="0" methods="1" coveredmethods="1"/>
      <file name="footer.styles.tsx" path="/Users/paulcoroneos/Repos/pcoroneos-nextjs/src/components/footer/footer.styles.tsx">
        <metrics statements="1" coveredstatements="1" conditionals="0" coveredconditionals="0" methods="0" coveredmethods="0"/>
        <line num="3" count="4" type="stmt"/>
      </file>
      <file name="footer.tsx" path="/Users/paulcoroneos/Repos/pcoroneos-nextjs/src/components/footer/footer.tsx">
        <metrics statements="1" coveredstatements="1" conditionals="0" coveredconditionals="0" methods="1" coveredmethods="1"/>
        <line num="4" count="4" type="stmt"/>
      </file>
      <file name="index.ts" path="/Users/paulcoroneos/Repos/pcoroneos-nextjs/src/components/footer/index.ts">
        <metrics statements="0" coveredstatements="0" conditionals="0" coveredconditionals="0" methods="0" coveredmethods="0"/>
      </file>
    </package>
    <package name="src.components.header">
      <metrics statements="4" coveredstatements="4" conditionals="0" coveredconditionals="0" methods="2" coveredmethods="2"/>
      <file name="header.styles.tsx" path="/Users/paulcoroneos/Repos/pcoroneos-nextjs/src/components/header/header.styles.tsx">
        <metrics statements="2" coveredstatements="2" conditionals="0" coveredconditionals="0" methods="1" coveredmethods="1"/>
        <line num="5" count="4" type="stmt"/>
        <line num="6" count="1" type="stmt"/>
      </file>
      <file name="header.tsx" path="/Users/paulcoroneos/Repos/pcoroneos-nextjs/src/components/header/header.tsx">
        <metrics statements="2" coveredstatements="2" conditionals="0" coveredconditionals="0" methods="1" coveredmethods="1"/>
        <line num="6" count="4" type="stmt"/>
        <line num="7" count="1" type="stmt"/>
      </file>
      <file name="index.ts" path="/Users/paulcoroneos/Repos/pcoroneos-nextjs/src/components/header/index.ts">
        <metrics statements="0" coveredstatements="0" conditionals="0" coveredconditionals="0" methods="0" coveredmethods="0"/>
      </file>
    </package>
    <package name="src.components.hero">
      <metrics statements="6" coveredstatements="6" conditionals="0" coveredconditionals="0" methods="2" coveredmethods="2"/>
      <file name="hero.styles.tsx" path="/Users/paulcoroneos/Repos/pcoroneos-nextjs/src/components/hero/hero.styles.tsx">
        <metrics statements="4" coveredstatements="4" conditionals="0" coveredconditionals="0" methods="1" coveredmethods="1"/>
        <line num="5" count="4" type="stmt"/>
        <line num="6" count="1" type="stmt"/>
        <line num="24" count="4" type="stmt"/>
        <line num="40" count="4" type="stmt"/>
      </file>
      <file name="hero.tsx" path="/Users/paulcoroneos/Repos/pcoroneos-nextjs/src/components/hero/hero.tsx">
        <metrics statements="2" coveredstatements="2" conditionals="0" coveredconditionals="0" methods="1" coveredmethods="1"/>
        <line num="4" count="4" type="stmt"/>
        <line num="5" count="1" type="stmt"/>
      </file>
      <file name="index.ts" path="/Users/paulcoroneos/Repos/pcoroneos-nextjs/src/components/hero/index.ts">
        <metrics statements="0" coveredstatements="0" conditionals="0" coveredconditionals="0" methods="0" coveredmethods="0"/>
      </file>
    </package>
    <package name="src.components.home-page">
      <metrics statements="6" coveredstatements="6" conditionals="0" coveredconditionals="0" methods="2" coveredmethods="2"/>
      <file name="home-page.styles.ts" path="/Users/paulcoroneos/Repos/pcoroneos-nextjs/src/components/home-page/home-page.styles.ts">
        <metrics statements="2" coveredstatements="2" conditionals="0" coveredconditionals="0" methods="0" coveredmethods="0"/>
        <line num="4" count="4" type="stmt"/>
        <line num="10" count="4" type="stmt"/>
      </file>
      <file name="home-page.tsx" path="/Users/paulcoroneos/Repos/pcoroneos-nextjs/src/components/home-page/home-page.tsx">
        <metrics statements="4" coveredstatements="4" conditionals="0" coveredconditionals="0" methods="2" coveredmethods="2"/>
        <line num="9" count="4" type="stmt"/>
        <line num="24" count="4" type="stmt"/>
        <line num="25" count="1" type="stmt"/>
        <line num="32" count="2" type="stmt"/>
      </file>
      <file name="index.ts" path="/Users/paulcoroneos/Repos/pcoroneos-nextjs/src/components/home-page/index.ts">
        <metrics statements="0" coveredstatements="0" conditionals="0" coveredconditionals="0" methods="0" coveredmethods="0"/>
      </file>
    </package>
    <package name="src.components.nav-bar">
      <metrics statements="4" coveredstatements="4" conditionals="0" coveredconditionals="0" methods="1" coveredmethods="1"/>
      <file name="index.ts" path="/Users/paulcoroneos/Repos/pcoroneos-nextjs/src/components/nav-bar/index.ts">
        <metrics statements="0" coveredstatements="0" conditionals="0" coveredconditionals="0" methods="0" coveredmethods="0"/>
      </file>
      <file name="nav-bar.styles.tsx" path="/Users/paulcoroneos/Repos/pcoroneos-nextjs/src/components/nav-bar/nav-bar.styles.tsx">
        <metrics statements="2" coveredstatements="2" conditionals="0" coveredconditionals="0" methods="0" coveredmethods="0"/>
        <line num="4" count="4" type="stmt"/>
        <line num="6" count="4" type="stmt"/>
      </file>
      <file name="nav-bar.tsx" path="/Users/paulcoroneos/Repos/pcoroneos-nextjs/src/components/nav-bar/nav-bar.tsx">
        <metrics statements="2" coveredstatements="2" conditionals="0" coveredconditionals="0" methods="1" coveredmethods="1"/>
        <line num="4" count="4" type="stmt"/>
        <line num="5" count="2" type="stmt"/>
      </file>
    </package>
    <package name="src.constants">
      <metrics statements="5" coveredstatements="5" conditionals="0" coveredconditionals="0" methods="0" coveredmethods="0"/>
      <file name="constants.ts" path="/Users/paulcoroneos/Repos/pcoroneos-nextjs/src/constants/constants.ts">
        <metrics statements="5" coveredstatements="5" conditionals="0" coveredconditionals="0" methods="0" coveredmethods="0"/>
        <line num="1" count="4" type="stmt"/>
        <line num="4" count="4" type="stmt"/>
        <line num="10" count="4" type="stmt"/>
        <line num="16" count="4" type="stmt"/>
        <line num="22" count="4" type="stmt"/>
      </file>
    </package>
    <package name="src.layout">
      <metrics statements="2" coveredstatements="1" conditionals="0" coveredconditionals="0" methods="1" coveredmethods="0"/>
      <file name="index.ts" path="/Users/paulcoroneos/Repos/pcoroneos-nextjs/src/layout/index.ts">
        <metrics statements="0" coveredstatements="0" conditionals="0" coveredconditionals="0" methods="0" coveredmethods="0"/>
      </file>
      <file name="layout.tsx" path="/Users/paulcoroneos/Repos/pcoroneos-nextjs/src/layout/layout.tsx">
        <metrics statements="2" coveredstatements="1" conditionals="0" coveredconditionals="0" methods="1" coveredmethods="0"/>
        <line num="5" count="4" type="stmt"/>
        <line num="6" count="0" type="stmt"/>
      </file>
    </package>
    <package name="src.pages">
      <metrics statements="3" coveredstatements="1" conditionals="0" coveredconditionals="0" methods="1" coveredmethods="0"/>
      <file name="_app.js" path="/Users/paulcoroneos/Repos/pcoroneos-nextjs/src/pages/_app.js">
        <metrics statements="3" coveredstatements="1" conditionals="0" coveredconditionals="0" methods="1" coveredmethods="0"/>
        <line num="6" count="4" type="stmt"/>
        <line num="38" count="0" type="stmt"/>
        <line num="39" count="0" type="stmt"/>
      </file>
    </package>
  </project>
</coverage>
