{"/Users/paulcoroneos/Repos/pcoroneos-nextjs/src/utils.tsx": {"path":"/Users/paulcoroneos/Repos/pcoroneos-nextjs/src/utils.tsx","statementMap":{"0":{"start":{"line":6,"column":31},"end":{"line":11,"column":5}},"1":{"start":{"line":7,"column":4},"end":{"line":11,"column":5}}},"fnMap":{"0":{"name":"(anonymous_0)","decl":{"start":{"line":6,"column":31},"end":{"line":6,"column":32}},"loc":{"start":{"line":7,"column":4},"end":{"line":11,"column":5}},"line":7}},"branchMap":{},"s":{"0":4,"1":4},"f":{"0":4},"b":{},"_coverageSchema":"43e27e138ebf9cfc5966b082cf9a028302ed4184","hash":"536c07e7d6f49b623208dd7978122a229afca852"}
,"/Users/paulcoroneos/Repos/pcoroneos-nextjs/src/components/index.ts": {"path":"/Users/paulcoroneos/Repos/pcoroneos-nextjs/src/components/index.ts","statementMap":{},"fnMap":{},"branchMap":{},"s":{},"f":{},"b":{},"_coverageSchema":"43e27e138ebf9cfc5966b082cf9a028302ed4184","hash":"382fe5c37bf04cf3c8a050f692f515257d37754a"}
,"/Users/paulcoroneos/Repos/pcoroneos-nextjs/src/components/blog-post/blog-post.styles.tsx": {"path":"/Users/paulcoroneos/Repos/pcoroneos-nextjs/src/components/blog-post/blog-post.styles.tsx","statementMap":{"0":{"start":{"line":3,"column":31},"end":{"line":10,"column":1}},"1":{"start":{"line":4,"column":33},"end":{"line":4,"column":58}},"2":{"start":{"line":6,"column":26},"end":{"line":6,"column":49}}},"fnMap":{"0":{"name":"(anonymous_0)","decl":{"start":{"line":4,"column":24},"end":{"line":4,"column":25}},"loc":{"start":{"line":4,"column":33},"end":{"line":4,"column":58}},"line":4},"1":{"name":"(anonymous_1)","decl":{"start":{"line":6,"column":17},"end":{"line":6,"column":18}},"loc":{"start":{"line":6,"column":26},"end":{"line":6,"column":49}},"line":6}},"branchMap":{},"s":{"0":4,"1":2,"2":2},"f":{"0":2,"1":2},"b":{},"_coverageSchema":"43e27e138ebf9cfc5966b082cf9a028302ed4184","hash":"ff6378e5dc74aa8ebe88e393b75e679dd5183433"}
,"/Users/paulcoroneos/Repos/pcoroneos-nextjs/src/components/blog-post/blog-post.tsx": {"path":"/Users/paulcoroneos/Repos/pcoroneos-nextjs/src/components/blog-post/blog-post.tsx","statementMap":{"0":{"start":{"line":12,"column":49},"end":{"line":19,"column":21}},"1":{"start":{"line":15,"column":2},"end":{"line":19,"column":21}},"2":{"start":{"line":18,"column":31},"end":{"line":18,"column":56}}},"fnMap":{"0":{"name":"(anonymous_0)","decl":{"start":{"line":12,"column":49},"end":{"line":12,"column":50}},"loc":{"start":{"line":15,"column":2},"end":{"line":19,"column":21}},"line":15},"1":{"name":"(anonymous_1)","decl":{"start":{"line":18,"column":14},"end":{"line":18,"column":15}},"loc":{"start":{"line":18,"column":31},"end":{"line":18,"column":56}},"line":18}},"branchMap":{},"s":{"0":4,"1":2,"2":5},"f":{"0":2,"1":5},"b":{},"_coverageSchema":"43e27e138ebf9cfc5966b082cf9a028302ed4184","hash":"0b46eaec77acb765bbdc1ce3f36e6d4fd382bdb0"}
,"/Users/paulcoroneos/Repos/pcoroneos-nextjs/src/components/blog-post/index.ts": {"path":"/Users/paulcoroneos/Repos/pcoroneos-nextjs/src/components/blog-post/index.ts","statementMap":{},"fnMap":{},"branchMap":{},"s":{},"f":{},"b":{},"_coverageSchema":"43e27e138ebf9cfc5966b082cf9a028302ed4184","hash":"cfd7946fee59cf4083c91609ab34ba036f0c3ccc"}
,"/Users/paulcoroneos/Repos/pcoroneos-nextjs/src/components/footer/footer.styles.tsx": {"path":"/Users/paulcoroneos/Repos/pcoroneos-nextjs/src/components/footer/footer.styles.tsx","statementMap":{"0":{"start":{"line":3,"column":28},"end":{"line":3,"column":43}}},"fnMap":{},"branchMap":{},"s":{"0":4},"f":{},"b":{},"_coverageSchema":"43e27e138ebf9cfc5966b082cf9a028302ed4184","hash":"35611463b824a07940cfa0b44a3f9ba80cf609d0"}
,"/Users/paulcoroneos/Repos/pcoroneos-nextjs/src/components/footer/footer.tsx": {"path":"/Users/paulcoroneos/Repos/pcoroneos-nextjs/src/components/footer/footer.tsx","statementMap":{"0":{"start":{"line":4,"column":32},"end":{"line":4,"column":54}},"1":{"start":{"line":4,"column":38},"end":{"line":4,"column":54}}},"fnMap":{"0":{"name":"(anonymous_0)","decl":{"start":{"line":4,"column":32},"end":{"line":4,"column":33}},"loc":{"start":{"line":4,"column":38},"end":{"line":4,"column":54}},"line":4}},"branchMap":{},"s":{"0":4,"1":1},"f":{"0":1},"b":{},"_coverageSchema":"43e27e138ebf9cfc5966b082cf9a028302ed4184","hash":"274d45aaa42889005e7bd25b2bb2cff26e0a4f4f"}
,"/Users/paulcoroneos/Repos/pcoroneos-nextjs/src/components/footer/index.ts": {"path":"/Users/paulcoroneos/Repos/pcoroneos-nextjs/src/components/footer/index.ts","statementMap":{},"fnMap":{},"branchMap":{},"s":{},"f":{},"b":{},"_coverageSchema":"43e27e138ebf9cfc5966b082cf9a028302ed4184","hash":"857bb4e663eec78e4fe516d7f4dd9edd51493bea"}
,"/Users/paulcoroneos/Repos/pcoroneos-nextjs/src/components/header/header.styles.tsx": {"path":"/Users/paulcoroneos/Repos/pcoroneos-nextjs/src/components/header/header.styles.tsx","statementMap":{"0":{"start":{"line":5,"column":28},"end":{"line":21,"column":1}},"1":{"start":{"line":6,"column":25},"end":{"line":6,"column":53}}},"fnMap":{"0":{"name":"(anonymous_0)","decl":{"start":{"line":6,"column":16},"end":{"line":6,"column":17}},"loc":{"start":{"line":6,"column":25},"end":{"line":6,"column":53}},"line":6}},"branchMap":{},"s":{"0":4,"1":1},"f":{"0":1},"b":{},"_coverageSchema":"43e27e138ebf9cfc5966b082cf9a028302ed4184","hash":"c131feb04141eb019e4465d030eb6869fed6b2d8"}
,"/Users/paulcoroneos/Repos/pcoroneos-nextjs/src/components/header/header.tsx": {"path":"/Users/paulcoroneos/Repos/pcoroneos-nextjs/src/components/header/header.tsx","statementMap":{"0":{"start":{"line":6,"column":32},"end":{"line":10,"column":17}},"1":{"start":{"line":7,"column":2},"end":{"line":10,"column":17}}},"fnMap":{"0":{"name":"(anonymous_0)","decl":{"start":{"line":6,"column":32},"end":{"line":6,"column":33}},"loc":{"start":{"line":7,"column":2},"end":{"line":10,"column":17}},"line":7}},"branchMap":{},"s":{"0":4,"1":1},"f":{"0":1},"b":{},"_coverageSchema":"43e27e138ebf9cfc5966b082cf9a028302ed4184","hash":"e5ffcd9a268012dc6b1fc9b19f1bcbfef2fd78fe"}
,"/Users/paulcoroneos/Repos/pcoroneos-nextjs/src/components/header/index.ts": {"path":"/Users/paulcoroneos/Repos/pcoroneos-nextjs/src/components/header/index.ts","statementMap":{},"fnMap":{},"branchMap":{},"s":{},"f":{},"b":{},"_coverageSchema":"43e27e138ebf9cfc5966b082cf9a028302ed4184","hash":"8cb2bf42d628e1616101b704b7d3668d23a0da7b"}
,"/Users/paulcoroneos/Repos/pcoroneos-nextjs/src/components/hero/hero.styles.tsx": {"path":"/Users/paulcoroneos/Repos/pcoroneos-nextjs/src/components/hero/hero.styles.tsx","statementMap":{"0":{"start":{"line":5,"column":23},"end":{"line":22,"column":1}},"1":{"start":{"line":6,"column":25},"end":{"line":6,"column":52}},"2":{"start":{"line":24,"column":32},"end":{"line":38,"column":1}},"3":{"start":{"line":40,"column":34},"end":{"line":65,"column":1}}},"fnMap":{"0":{"name":"(anonymous_0)","decl":{"start":{"line":6,"column":16},"end":{"line":6,"column":17}},"loc":{"start":{"line":6,"column":25},"end":{"line":6,"column":52}},"line":6}},"branchMap":{},"s":{"0":4,"1":1,"2":4,"3":4},"f":{"0":1},"b":{},"_coverageSchema":"43e27e138ebf9cfc5966b082cf9a028302ed4184","hash":"ae8582bbed77e2f8d791cf1bcd1b6e5c5f560bc7"}
,"/Users/paulcoroneos/Repos/pcoroneos-nextjs/src/components/hero/hero.tsx": {"path":"/Users/paulcoroneos/Repos/pcoroneos-nextjs/src/components/hero/hero.tsx","statementMap":{"0":{"start":{"line":4,"column":30},"end":{"line":16,"column":14}},"1":{"start":{"line":5,"column":4},"end":{"line":16,"column":14}}},"fnMap":{"0":{"name":"(anonymous_0)","decl":{"start":{"line":4,"column":30},"end":{"line":4,"column":31}},"loc":{"start":{"line":5,"column":4},"end":{"line":16,"column":14}},"line":5}},"branchMap":{},"s":{"0":4,"1":1},"f":{"0":1},"b":{},"_coverageSchema":"43e27e138ebf9cfc5966b082cf9a028302ed4184","hash":"4a0a58daf8f2ad2e9a1bea0c488ac203dc9da37e"}
,"/Users/paulcoroneos/Repos/pcoroneos-nextjs/src/components/hero/index.ts": {"path":"/Users/paulcoroneos/Repos/pcoroneos-nextjs/src/components/hero/index.ts","statementMap":{},"fnMap":{},"branchMap":{},"s":{},"f":{},"b":{},"_coverageSchema":"43e27e138ebf9cfc5966b082cf9a028302ed4184","hash":"c0e0f0e4199bde56a28665ab4f8183fc181e3e67"}
,"/Users/paulcoroneos/Repos/pcoroneos-nextjs/src/components/home-page/home-page.styles.ts": {"path":"/Users/paulcoroneos/Repos/pcoroneos-nextjs/src/components/home-page/home-page.styles.ts","statementMap":{"0":{"start":{"line":4,"column":31},"end":{"line":8,"column":1}},"1":{"start":{"line":10,"column":29},"end":{"line":19,"column":1}}},"fnMap":{},"branchMap":{},"s":{"0":4,"1":4},"f":{},"b":{},"_coverageSchema":"43e27e138ebf9cfc5966b082cf9a028302ed4184","hash":"11b25fc4c92168929b3599146c682d97feffd7e7"}
,"/Users/paulcoroneos/Repos/pcoroneos-nextjs/src/components/home-page/home-page.tsx": {"path":"/Users/paulcoroneos/Repos/pcoroneos-nextjs/src/components/home-page/home-page.tsx","statementMap":{"0":{"start":{"line":9,"column":18},"end":{"line":22,"column":1}},"1":{"start":{"line":24,"column":34},"end":{"line":36,"column":5}},"2":{"start":{"line":25,"column":2},"end":{"line":36,"column":5}},"3":{"start":{"line":32,"column":10},"end":{"line":32,"column":64}}},"fnMap":{"0":{"name":"(anonymous_0)","decl":{"start":{"line":24,"column":34},"end":{"line":24,"column":35}},"loc":{"start":{"line":25,"column":2},"end":{"line":36,"column":5}},"line":25},"1":{"name":"(anonymous_1)","decl":{"start":{"line":31,"column":23},"end":{"line":31,"column":24}},"loc":{"start":{"line":32,"column":10},"end":{"line":32,"column":64}},"line":32}},"branchMap":{},"s":{"0":4,"1":4,"2":1,"3":2},"f":{"0":1,"1":2},"b":{},"_coverageSchema":"43e27e138ebf9cfc5966b082cf9a028302ed4184","hash":"e442d5ac8b6a67aca8d1a500ddea9a17d9a43b2f"}
,"/Users/paulcoroneos/Repos/pcoroneos-nextjs/src/components/home-page/index.ts": {"path":"/Users/paulcoroneos/Repos/pcoroneos-nextjs/src/components/home-page/index.ts","statementMap":{},"fnMap":{},"branchMap":{},"s":{},"f":{},"b":{},"_coverageSchema":"43e27e138ebf9cfc5966b082cf9a028302ed4184","hash":"c59ceb7763cab4d00fffe4d818e38b9d788733bb"}
,"/Users/paulcoroneos/Repos/pcoroneos-nextjs/src/components/nav-bar/index.ts": {"path":"/Users/paulcoroneos/Repos/pcoroneos-nextjs/src/components/nav-bar/index.ts","statementMap":{},"fnMap":{},"branchMap":{},"s":{},"f":{},"b":{},"_coverageSchema":"43e27e138ebf9cfc5966b082cf9a028302ed4184","hash":"0a48edc271418636bf2d980c160022ee52afb529"}
,"/Users/paulcoroneos/Repos/pcoroneos-nextjs/src/components/nav-bar/nav-bar.styles.tsx": {"path":"/Users/paulcoroneos/Repos/pcoroneos-nextjs/src/components/nav-bar/nav-bar.styles.tsx","statementMap":{"0":{"start":{"line":4,"column":28},"end":{"line":4,"column":40}},"1":{"start":{"line":6,"column":28},"end":{"line":10,"column":1}}},"fnMap":{},"branchMap":{},"s":{"0":4,"1":4},"f":{},"b":{},"_coverageSchema":"43e27e138ebf9cfc5966b082cf9a028302ed4184","hash":"68e48696f72a1af88aa814d0ecfcb4e762299bd1"}
,"/Users/paulcoroneos/Repos/pcoroneos-nextjs/src/components/nav-bar/nav-bar.tsx": {"path":"/Users/paulcoroneos/Repos/pcoroneos-nextjs/src/components/nav-bar/nav-bar.tsx","statementMap":{"0":{"start":{"line":4,"column":32},"end":{"line":9,"column":17}},"1":{"start":{"line":5,"column":2},"end":{"line":9,"column":17}}},"fnMap":{"0":{"name":"(anonymous_0)","decl":{"start":{"line":4,"column":32},"end":{"line":4,"column":33}},"loc":{"start":{"line":5,"column":2},"end":{"line":9,"column":17}},"line":5}},"branchMap":{},"s":{"0":4,"1":2},"f":{"0":2},"b":{},"_coverageSchema":"43e27e138ebf9cfc5966b082cf9a028302ed4184","hash":"2708a3b33619f630178a78e1364d09ce3ae72027"}
,"/Users/paulcoroneos/Repos/pcoroneos-nextjs/src/constants/constants.ts": {"path":"/Users/paulcoroneos/Repos/pcoroneos-nextjs/src/constants/constants.ts","statementMap":{"0":{"start":{"line":1,"column":25},"end":{"line":1,"column":40}},"1":{"start":{"line":4,"column":15},"end":{"line":8,"column":1}},"2":{"start":{"line":10,"column":17},"end":{"line":14,"column":1}},"3":{"start":{"line":16,"column":16},"end":{"line":20,"column":1}},"4":{"start":{"line":22,"column":27},"end":{"line":26,"column":1}}},"fnMap":{},"branchMap":{},"s":{"0":4,"1":4,"2":4,"3":4,"4":4},"f":{},"b":{},"_coverageSchema":"43e27e138ebf9cfc5966b082cf9a028302ed4184","hash":"0406315c7ebd3b0a4507426934ed16d9edaaf79d"}
,"/Users/paulcoroneos/Repos/pcoroneos-nextjs/src/layout/index.ts": {"path":"/Users/paulcoroneos/Repos/pcoroneos-nextjs/src/layout/index.ts","statementMap":{},"fnMap":{},"branchMap":{},"s":{},"f":{},"b":{},"_coverageSchema":"43e27e138ebf9cfc5966b082cf9a028302ed4184","hash":"47684ddd54dd949074a1338aef7dc07896a0d4ef"}
,"/Users/paulcoroneos/Repos/pcoroneos-nextjs/src/layout/layout.tsx": {"path":"/Users/paulcoroneos/Repos/pcoroneos-nextjs/src/layout/layout.tsx","statementMap":{"0":{"start":{"line":5,"column":32},"end":{"line":34,"column":5}},"1":{"start":{"line":6,"column":2},"end":{"line":34,"column":5}}},"fnMap":{"0":{"name":"(anonymous_0)","decl":{"start":{"line":5,"column":32},"end":{"line":5,"column":33}},"loc":{"start":{"line":6,"column":2},"end":{"line":34,"column":5}},"line":6}},"branchMap":{},"s":{"0":4,"1":0},"f":{"0":0},"b":{},"_coverageSchema":"43e27e138ebf9cfc5966b082cf9a028302ed4184","hash":"47fde1a3c66570208eee148131c00c87079c9bfb"}
,"/Users/paulcoroneos/Repos/pcoroneos-nextjs/src/pages/_app.js": {"path":"/Users/paulcoroneos/Repos/pcoroneos-nextjs/src/pages/_app.js","statementMap":{"0":{"start":{"line":6,"column":21},"end":{"line":34,"column":1}},"1":{"start":{"line":38,"column":37},"end":{"line":38,"column":47}},"2":{"start":{"line":39,"column":4},"end":{"line":45,"column":6}}},"fnMap":{"0":{"name":"(anonymous_0)","decl":{"start":{"line":37,"column":2},"end":{"line":37,"column":3}},"loc":{"start":{"line":37,"column":11},"end":{"line":46,"column":3}},"line":37}},"branchMap":{},"s":{"0":4,"1":0,"2":0},"f":{"0":0},"b":{},"_coverageSchema":"43e27e138ebf9cfc5966b082cf9a028302ed4184","hash":"17a608b88cd3dd21aa3a5d2be430c7df1268b5ff"}
}
