TN:
SF:/Users/paulcoroneos/Repos/pcoroneos-nextjs/src/utils.tsx
FN:6,(anonymous_0)
FNF:1
FNH:1
FNDA:4,(anonymous_0)
DA:6,4
DA:7,4
LF:2
LH:2
BRF:0
BRH:0
end_of_record
TN:
SF:/Users/paulcoroneos/Repos/pcoroneos-nextjs/src/components/index.ts
FNF:0
FNH:0
LF:0
LH:0
BRF:0
BRH:0
end_of_record
TN:
SF:/Users/paulcoroneos/Repos/pcoroneos-nextjs/src/components/blog-post/blog-post.styles.tsx
FN:4,(anonymous_0)
FN:6,(anonymous_1)
FNF:2
FNH:2
FNDA:2,(anonymous_0)
FNDA:2,(anonymous_1)
DA:3,4
DA:4,2
DA:6,2
LF:3
LH:3
BRF:0
BRH:0
end_of_record
TN:
SF:/Users/paulcoroneos/Repos/pcoroneos-nextjs/src/components/blog-post/blog-post.tsx
FN:12,(anonymous_0)
FN:18,(anonymous_1)
FNF:2
FNH:2
FNDA:2,(anonymous_0)
FNDA:5,(anonymous_1)
DA:12,4
DA:15,2
DA:18,5
LF:3
LH:3
BRF:0
BRH:0
end_of_record
TN:
SF:/Users/paulcoroneos/Repos/pcoroneos-nextjs/src/components/blog-post/index.ts
FNF:0
FNH:0
LF:0
LH:0
BRF:0
BRH:0
end_of_record
TN:
SF:/Users/paulcoroneos/Repos/pcoroneos-nextjs/src/components/footer/footer.styles.tsx
FNF:0
FNH:0
DA:3,4
LF:1
LH:1
BRF:0
BRH:0
end_of_record
TN:
SF:/Users/paulcoroneos/Repos/pcoroneos-nextjs/src/components/footer/footer.tsx
FN:4,(anonymous_0)
FNF:1
FNH:1
FNDA:1,(anonymous_0)
DA:4,4
LF:1
LH:1
BRF:0
BRH:0
end_of_record
TN:
SF:/Users/paulcoroneos/Repos/pcoroneos-nextjs/src/components/footer/index.ts
FNF:0
FNH:0
LF:0
LH:0
BRF:0
BRH:0
end_of_record
TN:
SF:/Users/paulcoroneos/Repos/pcoroneos-nextjs/src/components/header/header.styles.tsx
FN:6,(anonymous_0)
FNF:1
FNH:1
FNDA:1,(anonymous_0)
DA:5,4
DA:6,1
LF:2
LH:2
BRF:0
BRH:0
end_of_record
TN:
SF:/Users/paulcoroneos/Repos/pcoroneos-nextjs/src/components/header/header.tsx
FN:6,(anonymous_0)
FNF:1
FNH:1
FNDA:1,(anonymous_0)
DA:6,4
DA:7,1
LF:2
LH:2
BRF:0
BRH:0
end_of_record
TN:
SF:/Users/paulcoroneos/Repos/pcoroneos-nextjs/src/components/header/index.ts
FNF:0
FNH:0
LF:0
LH:0
BRF:0
BRH:0
end_of_record
TN:
SF:/Users/paulcoroneos/Repos/pcoroneos-nextjs/src/components/hero/hero.styles.tsx
FN:6,(anonymous_0)
FNF:1
FNH:1
FNDA:1,(anonymous_0)
DA:5,4
DA:6,1
DA:24,4
DA:40,4
LF:4
LH:4
BRF:0
BRH:0
end_of_record
TN:
SF:/Users/paulcoroneos/Repos/pcoroneos-nextjs/src/components/hero/hero.tsx
FN:4,(anonymous_0)
FNF:1
FNH:1
FNDA:1,(anonymous_0)
DA:4,4
DA:5,1
LF:2
LH:2
BRF:0
BRH:0
end_of_record
TN:
SF:/Users/paulcoroneos/Repos/pcoroneos-nextjs/src/components/hero/index.ts
FNF:0
FNH:0
LF:0
LH:0
BRF:0
BRH:0
end_of_record
TN:
SF:/Users/paulcoroneos/Repos/pcoroneos-nextjs/src/components/home-page/home-page.styles.ts
FNF:0
FNH:0
DA:4,4
DA:10,4
LF:2
LH:2
BRF:0
BRH:0
end_of_record
TN:
SF:/Users/paulcoroneos/Repos/pcoroneos-nextjs/src/components/home-page/home-page.tsx
FN:24,(anonymous_0)
FN:31,(anonymous_1)
FNF:2
FNH:2
FNDA:1,(anonymous_0)
FNDA:2,(anonymous_1)
DA:9,4
DA:24,4
DA:25,1
DA:32,2
LF:4
LH:4
BRF:0
BRH:0
end_of_record
TN:
SF:/Users/paulcoroneos/Repos/pcoroneos-nextjs/src/components/home-page/index.ts
FNF:0
FNH:0
LF:0
LH:0
BRF:0
BRH:0
end_of_record
TN:
SF:/Users/paulcoroneos/Repos/pcoroneos-nextjs/src/components/nav-bar/index.ts
FNF:0
FNH:0
LF:0
LH:0
BRF:0
BRH:0
end_of_record
TN:
SF:/Users/paulcoroneos/Repos/pcoroneos-nextjs/src/components/nav-bar/nav-bar.styles.tsx
FNF:0
FNH:0
DA:4,4
DA:6,4
LF:2
LH:2
BRF:0
BRH:0
end_of_record
TN:
SF:/Users/paulcoroneos/Repos/pcoroneos-nextjs/src/components/nav-bar/nav-bar.tsx
FN:4,(anonymous_0)
FNF:1
FNH:1
FNDA:2,(anonymous_0)
DA:4,4
DA:5,2
LF:2
LH:2
BRF:0
BRH:0
end_of_record
TN:
SF:/Users/paulcoroneos/Repos/pcoroneos-nextjs/src/constants/constants.ts
FNF:0
FNH:0
DA:1,4
DA:4,4
DA:10,4
DA:16,4
DA:22,4
LF:5
LH:5
BRF:0
BRH:0
end_of_record
TN:
SF:/Users/paulcoroneos/Repos/pcoroneos-nextjs/src/layout/index.ts
FNF:0
FNH:0
LF:0
LH:0
BRF:0
BRH:0
end_of_record
TN:
SF:/Users/paulcoroneos/Repos/pcoroneos-nextjs/src/layout/layout.tsx
FN:5,(anonymous_0)
FNF:1
FNH:0
FNDA:0,(anonymous_0)
DA:5,4
DA:6,0
LF:2
LH:1
BRF:0
BRH:0
end_of_record
TN:
SF:/Users/paulcoroneos/Repos/pcoroneos-nextjs/src/pages/_app.js
FN:37,(anonymous_0)
FNF:1
FNH:0
FNDA:0,(anonymous_0)
DA:6,4
DA:38,0
DA:39,0
LF:3
LH:1
BRF:0
BRH:0
end_of_record
